SN=BBRQTW260100023;
OPID=10903103;
FixtureID=HMUT2KBA52;
Station=FT;
BFT=START_TESTING
STEP Linux_FT=START TESTING
Mon Mar 09 09:58:02 UTC 2026
SFRequestTime=20260309095802
TestEnd=20260309165802
RADIX=hostname:BBRQTW260100023,station_name:L6-BFT,process_plan_name:Basalt BFT,process_plan_version:0.4.6 (g1f3f8ed),software_version:Software Version,firmware_version:Firmware Version,
STEP linux_ft=[]:test ---- PASS;
RESULT=PASSED;
Mon Mar 09 16:58:02 +07 2026
-------------------------------------------------------------------------------
Run process plan: transaction=a0e5c14f-6042-477e-a375-ff35675c1ffb.
git_rev = 0.4.6 (g1f3f8ed)
Git Uncommitted Changes Found:
                     
-----------------------------------
                     
diff --git a/basalt_test/start/start_program_hb16_fw.sh b/basalt_test/start/start_program_hb16_fw.sh
old mode 100644
new mode 100755
diff --git a/basalt_test/test_profiles/process_plans/basalt_bft_plan.py b/basalt_test/test_profiles/process_plans/basalt_bft_plan.py
index 939b9be..ce1f75f 100644
--- a/basalt_test/test_profiles/process_plans/basalt_bft_plan.py
+++ b/basalt_test/test_profiles/process_plans/basalt_bft_plan.py
@@ -116,39 +116,39 @@ class MainProcessPlan(BasePlan):
                 machine_name= izumi_emr_granite ,
                 service_ip= 192.168.1.1 ),
             ConnectToHost(self),
-            InitializeTamalpais(self),
-            AddDUTToNodebooter(self),
-            SetMachineNetbootInfo(
-                self,
-                name= Set DUT Nodebooter Info ,
-                machine_name=f basalt_dut_{self.station_id} ,
-                service_ip= 192.168.1.1 ),
-            GetDutNetbootInfo(self),
-            InitializeDUT(self),
-            DUTPowerOn(self),
-            ProgramFRUEEPROMs(self),
-            DUTResetOn(self),
-            ProgramFRUShadow(self),
-            UpdateFirmware(self),
-            CheckDauntless(self),
-            StartIMCLog(self),
-            DUTResetOff(self),
-            DUTPowerCycle(self),
-            ConnectToDUT(self),
-            StartHMA(self),
-            StartACCLog(self),
-            BootACC(self),
-            ReloadDevices(self),
-            TestQSFP(self),
-            TestGbENIC(self),
-            TestSSD(self),
-            ConnectToDUTACC(self),
-            TestMemory(self),
-            TestPowerVirus(self),
-            ConnectCNSSH(self),
-            TestPCIeLinkStatus(self),
-            CheckConsole(self),
-            CheckEFuses(self),
+            #nitializeTamalpais(self),
+            #ddDUTToNodebooter(self),
+            #etMachineNetbootInfo(
+            #   self,
+            #   name= Set DUT Nodebooter Info ,
+            #   machine_name=f basalt_dut_{self.station_id} ,
+            #   service_ip= 192.168.1.1 ),
+            #etDutNetbootInfo(self),
+            #nitializeDUT(self),
+            #UTPowerOn(self),
+            #rogramFRUEEPROMs(self),
+            #UTResetOn(self),
+            #rogramFRUShadow(self),
+            #pdateFirmware(self),
+            #heckDauntless(self),
+            #tartIMCLog(self),
+            #UTResetOff(self),
+            #UTPowerCycle(self),
+            #onnectToDUT(self),
+            #tartHMA(self),
+            #tartACCLog(self),
+            #ootACC(self),
+            #eloadDevices(self),
+            #estQSFP(self),
+            #estGbENIC(self),
+            #TestSSD(self),
+            #ConnectToDUTACC(self),
+            #TestMemory(self),
+            #TestPowerVirus(self),
+            #ConnectCNSSH(self),
+            #TestPCIeLinkStatus(self),
+            #CheckConsole(self),
+            #CheckEFuses(self),
             MfgSummary(self)
         ]
         return plan
diff --git a/basalt_test/test_profiles/process_plans/base_plan.py b/basalt_test/test_profiles/process_plans/base_plan.py
index b0ec531..d6a0450 100644
--- a/basalt_test/test_profiles/process_plans/base_plan.py
+++ b/basalt_test/test_profiles/process_plans/base_plan.py
@@ -1,5 +1,6 @@
 # pylint: disable=line-too-long
 from basalt_test.version import __version__
+from basalt_test.utils.git_utils import get_git_rev
 from opentest.core.process_plan import ProcessPlan
 from opentest.core.process_objects import ProcessStatus
 # pylint: enable=line-too-long
@@ -16,6 +17,7 @@ class BasePlan(ProcessPlan):
         self.abort_requested = False
         self.ignore_abort_requested = False
         self.full_on_failure_steps_list = []
+        self.git_rev = get_git_rev()
 
     def initialize(self):
         """
@@ -41,6 +43,9 @@ class BasePlan(ProcessPlan):
         opentest.core.process_plan. Do not call the execute_cleanup() method
         from the super class.
         """
+        if self.pre_run_check_passed is False:
+            return
+
         self.log( Cleaning up after process plan )
         self.is_in_cleanup = True
 
@@ -106,4 +111,7 @@ class BasePlan(ProcessPlan):
 
     @property
     def version(self):
+        if self.git_rev == "":
             return __version__
+        else:
+            return  {} ({}) .format(__version__, self.git_rev)
diff --git a/basalt_test/test_profiles/process_steps/initialize_otc_results.py b/basalt_test/test_profiles/process_steps/initialize_otc_results.py
index 0735a9e..0ebc9ac 100644
--- a/basalt_test/test_profiles/process_steps/initialize_otc_results.py
+++ b/basalt_test/test_profiles/process_steps/initialize_otc_results.py
@@ -35,7 +35,8 @@ class InitializeOTCReport(BaseStep):
         # These variables are the minimum fields required for the Data
         # Warehouse Report writer.
         self.set_reporter_variable( manufacturer ,  Quanta )
-        self.set_reporter_variable( site ,  QTW )
+        self.set_reporter_variable( site ,  QMB )
+        print(f [InitializeOTCReport] reporter variable site={self.get_reporter_variable("site")} )
         self.set_reporter_variable( platform_name ,  PCIe Add-in Card / Module )
         self.set_reporter_variable( product_name ,  Basalt )
         self.set_reporter_variable( assembly_part_type ,  BBR )
@@ -56,6 +57,9 @@ class InitializeOTCReport(BaseStep):
             station = self._get_process_station(self.station_id)
 
             # Set New Station Name
+            if station_type ==  auto :
+                station_name =  Basalt Auto BFT ({}) .format(self.variables.get(Variables.SFC_FIXTURE_ID))
+            else:
                 station_name =  Basalt BFT ({}) .format(self.variables.get(Variables.SFC_FIXTURE_ID))
             station._station_name = station_name
             # Set Reporter Station Name
diff --git a/basalt_test/utils/hb16_fw_update.sh b/basalt_test/utils/hb16_fw_update.sh
old mode 100644
new mode 100755

                     
-----------------------------------

Entered flatten_process_plan_list: current_id [0]
name in flatten function is: Collect Station Information
index in flatten function is: I1.
name in flatten function is: Initialize SFC Client
index in flatten function is: I2.
Loop: 0
Running the ProcessStep.
Entered the process step start event.
---- Starting Process Step [Collect Station Information] ----
---- Starting Process Step [Collect Station Information] ----
Performing setup for step "Collect Station Information".
Executing command in opentest: [ git ,  rev-parse ,  HEAD ]
Executing command in opentest: [ git ,  branch ,  --show-current ]
Executing command in opentest: [ git ,  describe ,  --tags ]
Executing command in opentest: [ git ,  rev-parse ,  HEAD ]
Executing command in opentest: [ git ,  branch ,  --show-current ]
Executing command in opentest: [ git ,  describe ,  --tags ]
Executing command in basalt-test: [ git ,  rev-parse ,  HEAD ]
Executing command in basalt-test: [ git ,  branch ,  --show-current ]
Executing command in basalt-test: [ git ,  describe ,  --tags ]
Executing command in Basalt_BFT: [ git ,  rev-parse ,  HEAD ]
Executing command in Basalt_BFT: [ git ,  branch ,  --show-current ]
Executing command in Basalt_BFT: [ git ,  describe ,  --tags ]
Executing command in opentest-google: [ git ,  rev-parse ,  HEAD ]
Executing command in opentest-google: [ git ,  branch ,  --show-current ]
Executing command in opentest-google: [ git ,  describe ,  --tags ]
Executing command: ps -e | grep -c  gagent 
Executing custom command: [ grep ,  -c ,  gagent ]
Executing command: ps -e | grep -c  falcon-sensor 
Executing custom command: [ grep ,  -c ,  falcon-sensor ]
Executing command: ps -e | grep -c  fleetspeakd 
Executing custom command: [ grep ,  -c ,  fleetspeakd ]
Executing command: crontab -l | grep -c  Ansible: Reporting to security dashboard 
Executing custom command: [ grep ,  -c ,  Ansible: Reporting to security dashboard ]
Executing command: cat /opt/google-cm-security/hardened_status
Executing command: stat / | grep "Birth" | sed  s/Birth: //g  | cut -b 2-11
Executing custom command: [ grep ,  Birth ]
Executing custom command: [ sed ,  s/Birth: //g ]
Executing custom command: [ cut ,  -b ,  2-11 ]
Performing cleanup for step "Collect Station Information".
---- Completed Process Step [Collect Station Information] Result [PASSED] Time [0.14s] ----
Elapsed Time = 0.14 total seconds.
---- Completed Process Step [Collect Station Information] Result [PASSED] ----
Adding new process step...
Process step name: Collect Station Information
Process step status: 2
Entered the process step completed event
Loop: 1
Running the ProcessStep.
Entered the process step start event.
---- Starting Process Step [Initialize SFC Client] ----
---- Starting Process Step [Initialize SFC Client] ----
Performing setup for step "Initialize SFC Client".
Inspecting: Any
Inspecting: BasaltSfcConnector
Inspecting: CardComponent
Inspecting: ConfigParser
Inspecting: SfcData
Inspecting: datetime
Inspecting: timezone
Starting new HTTP connection (1): 172.71.0.10:8080
http://172.71.0.10:8080 "POST /FT/BFTAPIService.svc/rest/SendRequest HTTP/1.1" 200 1594
SF SendRequest response = b {"dataField":[{"Fields":[{"Key":"SN","Value":"BBRQTW260100023"},{"Key":"PN","Value":"3VT2MPA0090"},{"Key":"OPID","Value":"10903103"},{"Key":"FixtureID","Value":"HMUT2KBA52"},{"Key":"REV","Value":"3E"},{"Key":"Station","Value":"FT"},{"Key":"FQA","Value":"N"},{"Key":"BIC","Value":""},{"Key":"BMCID","Value":""},{"Key":"BuildID","Value":"351204322"},{"Key":"BuildType","Value":"TAM"},{"Key":"CerberusSN","Value":""},{"Key":"CPLD","Value":""},{"Key":"CPU1","Value":""},{"Key":"CPU2","Value":""},{"Key":"CustomerSN","Value":""},{"Key":"EMMC","Value":""},{"Key":"FAB_ID","Value":""},{"Key":"Flash","Value":""},{"Key":"FTLiteTest","Value":""},{"Key":"FW","Value":""},{"Key":"HWKey1","Value":""},{"Key":"HWKey2","Value":""},{"Key":"HWKey3","Value":""},{"Key":"ICT_LastTime","Value":""},{"Key":"MAC","Value":""},{"Key":"MAC_BMC","Value":""},{"Key":"MAC_FC","Value":""},{"Key":"MAC_LAN","Value":"983A1FFEE7D0"},{"Key":"PAL_FRU","Value":"3VT2MPA0090-3EII6-OPB-O"},{"Key":"PCB_Number_Vendor","Value":""},{"Key":"PCB_SN","Value":""},{"Key":"PCBVendor","Value":"TDT-TDT"},{"Key":"PN_1st","Value":""},{"Key":"PN_2nd","Value":""},{"Key":"PN_3rd","Value":""},{"Key":"PN_Cust","Value":"1192599-06"},{"Key":"ProgramRev","Value":""},{"Key":"PublicKey","Value":""},{"Key":"SAP_REV","Value":"3EII6"},{"Key":"SAPMB_Rev","Value":"3EII6"},{"Key":"TEL-Lan","Value":""},{"Key":"TestItem","Value":""},{"Key":"PBA","Value":""},{"Key":"Customer","Value":""},{"Key":"SNFixstring","Value":""},{"Key":"Result","Value":"0:PASS"},{"Key":"Error_Msg","Value":""},{"Key":"Release date","Value":"20260309165723"}]}],"msgField":null} 
Performing cleanup for step "Initialize SFC Client".
---- Completed Process Step [Initialize SFC Client] Result [PASSED] Time [0.28s] ----
Elapsed Time = 0.28 total seconds.
---- Completed Process Step [Initialize SFC Client] Result [PASSED] ----
Adding new process step...
Process step name: Initialize SFC Client
Process step status: 2
Entered the process step completed event
Finished ProcessStep execution loop.
calling Initialize() method on ProcessPlan...
Initializing process plan
Initialize() method completed successfully.
Calling pre_run_check()...
Calling create_setup_steps().
Entered flatten_process_plan_list: current_id [0]
Finished ProcessStep execution loop.
Calling create_process_plan().
Entered flatten_process_plan_list: current_id [0]
name in flatten function is: Check Station Sync
index in flatten function is: 1.
name in flatten function is: Initialize Paths
index in flatten function is: 2.
name in flatten function is: Load Config
index in flatten function is: 3.
name in flatten function is: Initialize OTC Report
index in flatten function is: 4.
name in flatten function is: Initialize Instruments
index in flatten function is: 5.
name in flatten function is: Read DUT Barcode
index in flatten function is: 6.
name in flatten function is: Load Test Specifications
index in flatten function is: 7.
name in flatten function is: Load Test Settings
index in flatten function is: 8.
name in flatten function is: Load FRU Mapping
index in flatten function is: 9.
name in flatten function is: Add Host To Nodebooter
index in flatten function is: 10.
name in flatten function is: Set Host Nodebooter Info
index in flatten function is: 11.
name in flatten function is: Connect to host
index in flatten function is: 12.
name in flatten function is: Summarize Mfg Test Result
index in flatten function is: 13.
Loop: 0
Running the ProcessStep.
Entered the process step start event.
---- Starting Process Step [Check Station Sync] ----
---- Starting Process Step [Check Station Sync] ----
Performing setup for step "Check Station Sync".
Station [2] is entering critical section [Set Master Station]
Station [2] has exited critical section [Set Master Station]
Performing cleanup for step "Check Station Sync".
---- Completed Process Step [Check Station Sync] Result [PASSED] Time [0.02s] ----
Elapsed Time = 0.02 total seconds.
---- Completed Process Step [Check Station Sync] Result [PASSED] ----
Adding new process step...
Process step name: Check Station Sync
Process step status: 2
Entered the process step completed event
Loop: 1
Running the ProcessStep.
Entered the process step start event.
---- Starting Process Step [Initialize Paths] ----
---- Starting Process Step [Initialize Paths] ----
Performing setup for step "Initialize Paths".
Performing cleanup for step "Initialize Paths".
---- Completed Process Step [Initialize Paths] Result [PASSED] Time [0.00s] ----
Elapsed Time = 0.00 total seconds.
---- Completed Process Step [Initialize Paths] Result [PASSED] ----
Adding new process step...
Process step name: Initialize Paths
Process step status: 2
Entered the process step completed event
Loop: 2
Running the ProcessStep.
Entered the process step start event.
---- Starting Process Step [Load Config] ----
---- Starting Process Step [Load Config] ----
Performing setup for step "Load Config".
Performing cleanup for step "Load Config".
---- Completed Process Step [Load Config] Result [PASSED] Time [0.00s] ----
Elapsed Time = 0.00 total seconds.
---- Completed Process Step [Load Config] Result [PASSED] ----
Adding new process step...
Process step name: Load Config
Process step status: 2
Entered the process step completed event
Loop: 3
Running the ProcessStep.
Entered the process step start event.
---- Starting Process Step [Initialize OTC Report] ----
---- Starting Process Step [Initialize OTC Report] ----
Performing setup for step "Initialize OTC Report".
Initializing Reporter Variables
In _get_process_station(2) <class  int >
Performing cleanup for step "Initialize OTC Report".
---- Completed Process Step [Initialize OTC Report] Result [PASSED] Time [0.00s] ----
Elapsed Time = 0.00 total seconds.
---- Completed Process Step [Initialize OTC Report] Result [PASSED] ----
Adding new process step...
Process step name: Initialize OTC Report
Process step status: 2
Entered the process step completed event
Loop: 4
Running the ProcessStep.
Entered the process step start event.
---- Starting Process Step [Initialize Instruments] ----
---- Starting Process Step [Initialize Instruments] ----
Performing setup for step "Initialize Instruments".
Performing cleanup for step "Initialize Instruments".
---- Completed Process Step [Initialize Instruments] Result [PASSED] Time [0.00s] ----
Elapsed Time = 0.00 total seconds.
---- Completed Process Step [Initialize Instruments] Result [PASSED] ----
Adding new process step...
Process step name: Initialize Instruments
Process step status: 2
Entered the process step completed event
Loop: 5
Running the ProcessStep.
Entered the process step start event.
---- Starting Process Step [Read DUT Barcode] ----
---- Starting Process Step [Read DUT Barcode] ----
Performing setup for step "Read DUT Barcode".
Setting operator input prompt instructions.
Waiting for a user input event...
Waiting for operator input waited [0] of [3600] seconds...
Waiting for operator input waited [1] of [3600] seconds...
No debugger process plan exists to receive user input.
User input received [1225665-04 BBRQTW260100023]
Setting operator input prompt instructions.
Waiting for a user input event...
Waiting for operator input waited [0] of [3600] seconds...
Waiting for operator input waited [1] of [3600] seconds...
No debugger process plan exists to receive user input.
User input received [983A1FFEE7D0]
Setting executing serial number to [BBRQTW260100023]
Setting executing part number to [1225665-04]
Performing cleanup for step "Read DUT Barcode".
---- Completed Process Step [Read DUT Barcode] Result [PASSED] Time [4.01s] ----
Elapsed Time = 4.01 total seconds.
---- Completed Process Step [Read DUT Barcode] Result [PASSED] ----
Adding new process step...
Process step name: Read DUT Barcode
Process step status: 2
Entered the process step completed event
Loop: 6
Running the ProcessStep.
Entered the process step start event.
---- Starting Process Step [Load Test Specifications] ----
---- Starting Process Step [Load Test Specifications] ----
Performing setup for step "Load Test Specifications".
Performing cleanup for step "Load Test Specifications".
---- Completed Process Step [Load Test Specifications] Result [PASSED] Time [0.01s] ----
Elapsed Time = 0.01 total seconds.
---- Completed Process Step [Load Test Specifications] Result [PASSED] ----
Adding new process step...
Process step name: Load Test Specifications
Process step status: 2
Entered the process step completed event
Loop: 7
Running the ProcessStep.
Entered the process step start event.
---- Starting Process Step [Load Test Settings] ----
---- Starting Process Step [Load Test Settings] ----
Performing setup for step "Load Test Settings".
Creating new attachment [/home/testusr/Basalt_BFT/basalt-test/basalt_test/config/test_settings/efuse_settings_1225665-04.json]
Attachment size: 548
Performing cleanup for step "Load Test Settings".
---- Completed Process Step [Load Test Settings] Result [PASSED] Time [0.00s] ----
Elapsed Time = 0.00 total seconds.
---- Completed Process Step [Load Test Settings] Result [PASSED] ----
Adding new process step...
Process step name: Load Test Settings
Process step status: 2
Entered the process step completed event
Loop: 8
Running the ProcessStep.
Entered the process step start event.
---- Starting Process Step [Load FRU Mapping] ----
---- Starting Process Step [Load FRU Mapping] ----
Performing setup for step "Load FRU Mapping".
Creating new attachment [/home/testusr/Basalt_BFT/basalt-test/basalt_test/config/fru_eeprom_mapping/fru_mapping_1225665-04.json]
Attachment size: 3921
Creating new attachment [/home/testusr/Basalt_BFT/basalt-test/basalt_test/config/fru_eeprom_mapping/fru_data_1225665-04.json]
Attachment size: 983
Performing cleanup for step "Load FRU Mapping".
---- Completed Process Step [Load FRU Mapping] Result [PASSED] Time [0.00s] ----
Elapsed Time = 0.00 total seconds.
---- Completed Process Step [Load FRU Mapping] Result [PASSED] ----
Adding new process step...
Process step name: Load FRU Mapping
Process step status: 2
Entered the process step completed event
Loop: 9
Running the ProcessStep.
Entered the process step start event.
---- Starting Process Step [Add Host To Nodebooter] ----
---- Starting Process Step [Add Host To Nodebooter] ----
Performing setup for step "Add Host To Nodebooter".
Trying paths: [ /home/testusr/.docker/config.json ,  /home/testusr/.dockercfg ]
No config file found
Trying paths: [ /home/testusr/.docker/config.json ,  /home/testusr/.dockercfg ]
No config file found
http://localhost:None "GET /version HTTP/1.1" 200 823
http://localhost:None "GET /v1.53/containers/json?limit=-1&all=0&size=0&trunc_cmd=0 HTTP/1.1" 200 None
http://localhost:None "GET /v1.53/containers/0310e0eb5b53a60395c4b0dcc458e815f8f2591b62c0d3cdd91f998875778b89/json HTTP/1.1" 200 None
Performing cleanup for step "Add Host To Nodebooter".
---- Completed Process Step [Add Host To Nodebooter] Result [PASSED] Time [19.48s] ----
Elapsed Time = 19.48 total seconds.
---- Completed Process Step [Add Host To Nodebooter] Result [PASSED] ----
Adding new process step...
Process step name: Add Host To Nodebooter
Process step status: 2
Entered the process step completed event
Loop: 10
Running the ProcessStep.
Entered the process step start event.
---- Starting Process Step [Set Host Nodebooter Info] ----
---- Starting Process Step [Set Host Nodebooter Info] ----
Performing setup for step "Set Host Nodebooter Info".
Nodebooter POST request, url: http://192.168.1.1:12901/nodebooter/api/v2/machines/
request_data: {"machine_name": "izumi_emr_granite", "machine_model_data": {"node_entities": {"entities": {"host-compute-node": {"network_interfaces": {"network_interface": [{"device_name": "eth0", "hostname": "", "ipv6_low64": "0", "ipv6_subnet_key": "nic0", "mac_address": "08:8b:c8:77:43:65", "use_for_netboot": true}]}}, "host-control-node": {"network_interfaces": {"network_interface": [{"device_name": "bmc0", "hostname": "", "ipv6_low64": "18230852766572478464", "ipv6_subnet_key": "nic0", "mac_address": "98:3a:1f:c6:29:d0", "use_for_netboot": false}]}}}}}, "boot_info": [{"node_entity_name": "host-compute-node", "boot_file": "/opt/ovss/google_intel_icb6.1_netboot-ovss.tar", "loader_file": ""}]}
Starting new HTTP connection (1): 192.168.1.1:12901
http://192.168.1.1:12901 "POST /nodebooter/api/v2/machines/ HTTP/1.1" 201 33
Nodebooter POST response: Added Machine: izumi_emr_granite

Starting new HTTP connection (1): 192.168.1.1:12901
http://192.168.1.1:12901 "GET /nodebooter/api/v2/machines/izumi_emr_granite HTTP/1.1" 200 1014
GET nodes status [{ machine_name :  izumi_emr_granite ,  node_entity_tag :  host-control-node ,  network_interfaces : [{ ipv6_subnet_key :  nic0 ,  ip_address :  2001:db8:1:1:fd01:: ,  mac_address :  98:3a:1f:c6:29:d0 ,  use_for_netboot : False,  state : 1,  last_event :  New Node Info ,  state_time :  2026-03-09 13:47:53.564649587 +07 ,  last_event_time :  2026-03-09 13:47:53.564650613 +07 }]}, { machine_name :  izumi_emr_granite ,  node_entity_tag :  host-compute-node ,  boot_file :  /opt/ovss/google_intel_icb6.1_netboot-ovss.tar ,  network_interfaces : [{ ipv6_subnet_key :  nic0 ,  ip_address :  2001:db8:1:1:: ,  mac_address :  08:8b:c8:77:43:65 ,  use_for_netboot : True,  state : 5,  last_event :  DHCP Lease ,  state_time :  2026-03-09 13:55:52.243191341 +07 ,  last_event_time :  2026-03-09 16:56:45.638920366 +07 }]}]
Nodebooter node  host-compute-node  added to the internal boot state tracker
Performing cleanup for step "Set Host Nodebooter Info".
---- Completed Process Step [Set Host Nodebooter Info] Result [PASSED] Time [0.15s] ----
Elapsed Time = 0.15 total seconds.
---- Completed Process Step [Set Host Nodebooter Info] Result [PASSED] ----
Adding new process step...
Process step name: Set Host Nodebooter Info
Process step status: 2
Entered the process step completed event
Loop: 11
Running the ProcessStep.
Entered the process step start event.
---- Starting Process Step [Connect to host] ----
---- Starting Process Step [Connect to host] ----
Performing setup for step "Connect to host".
Station [2] is entering critical section [Connect To Host Master]
Station [2] has exited critical section [Connect To Host Master]
Trying paths: [ /home/testusr/.docker/config.json ,  /home/testusr/.dockercfg ]
No config file found
Trying paths: [ /home/testusr/.docker/config.json ,  /home/testusr/.dockercfg ]
No config file found
http://localhost:None "GET /version HTTP/1.1" 200 823
http://localhost:None "GET /v1.53/containers/json?limit=-1&all=0&size=0&trunc_cmd=0 HTTP/1.1" 200 None
http://localhost:None "GET /v1.53/containers/0310e0eb5b53a60395c4b0dcc458e815f8f2591b62c0d3cdd91f998875778b89/json HTTP/1.1" 200 None
Starting new HTTP connection (1): 192.168.1.1:12901
http://192.168.1.1:12901 "GET /nodebooter/api/v2/machines/izumi_emr_granite HTTP/1.1" 200 1014
Established Telnet connection with params { host :  172.19.2.99 ,  port :  7002 }
Got SSH connection to DUT
Executing blocking command: ls -al /sys/bus/i2c/devices/i2c-9/9-0077/channel-2
Command timeout set to 60 seconds.
ParamikoConnection.call used without a context manager.
stdout: lrwxrwxrwx    1 root     root             0 Oct 12 07:59 /sys/bus/i2c/devices/i2c-9/9-0077/channel-2 -> ../i2c-68

Executing blocking command: ls -al /sys/bus/i2c/devices/i2c-9/9-0077/channel-1
Command timeout set to 60 seconds.
ParamikoConnection.call used without a context manager.
stdout: lrwxrwxrwx    1 root     root             0 Oct 12 07:59 /sys/bus/i2c/devices/i2c-9/9-0077/channel-1 -> ../i2c-67

Executing blocking command: systemctl is-active xyz.openbmc_project.hb16manager.service
Command timeout set to 60 seconds.
ParamikoConnection.call used without a context manager.
status code: 3
stdout: inactive

Executing blocking command: ls -al /sys/bus/i2c/devices/i2c-10/10-0077/channel-2
Command timeout set to 60 seconds.
ParamikoConnection.call used without a context manager.
stdout: lrwxrwxrwx    1 root     root             0 Oct 12 06:46 /sys/bus/i2c/devices/i2c-10/10-0077/channel-2 -> ../i2c-71

Executing blocking command: ls -al /sys/bus/i2c/devices/i2c-10/10-0077/channel-1
Command timeout set to 60 seconds.
ParamikoConnection.call used without a context manager.
stdout: lrwxrwxrwx    1 root     root             0 Oct 12 06:46 /sys/bus/i2c/devices/i2c-10/10-0077/channel-1 -> ../i2c-70

Executing blocking command: systemctl is-active xyz.openbmc_project.hb16manager.service
Command timeout set to 60 seconds.
ParamikoConnection.call used without a context manager.
status code: 3
stdout: inactive

Got SSH connection to DUT
Executing blocking command: /usr/local/bin/gsys platform rescan
Command timeout set to 120 seconds.
ParamikoConnection.call used without a context manager.
Executing blocking command: uname -r
Command timeout set to 15 seconds.
ParamikoConnection.call used without a context manager.
stdout: 6.1.82-yocto-standard-icebreaker-8a41a3d

Executing blocking command: gsz-fw-ver.sh
Command timeout set to 15 seconds.
ParamikoConnection.call used without a context manager.
stdout: -------VERSION-------
 CPU                 : EMR
 BMC                 : gbmc, local, 25.14.21.200
 BIOS                : "0.20250710.0-0"
 BMC CPLD version    : 2.0.0.0
 MB CPLD version     : 8.0.0.0
 BMC Power-Sequencer : 60 a0
 MB Power-Sequencer  : 0f 31
 HOTH                : 0.4.2023052210/agora_dauntless 
---------DONE--------

Executing blocking command: ethtool -i eth0
Command timeout set to 10 seconds.
ParamikoConnection.call used without a context manager.
stdout: driver: gq
version: 105.21.10-092c71d1a95d
firmware-version: 105.21.699242879.20241122
expansion-rom-version: 
bus-info: 0000:05:00.0
supports-statistics: yes
supports-test: no
supports-eeprom-access: yes
supports-register-dump: no
supports-priv-flags: no

Executing blocking command: hb16-cli fw-version --i2c-bus 68
Command timeout set to 10 seconds.
ParamikoConnection.call used without a context manager.
stdout: I2C_BUS= 68  I2C_ADDR= 32  FW_VERSION= 2.13.49 

Executing blocking command: hb16-cli fw-version --i2c-bus 71
Command timeout set to 10 seconds.
ParamikoConnection.call used without a context manager.
stdout: I2C_BUS= 71  I2C_ADDR= 32  FW_VERSION= 2.13.49 

Executing blocking command: gsz-fw-ver.sh
Command timeout set to 15 seconds.
ParamikoConnection.call used without a context manager.
stdout: -------VERSION-------
 CPU                 : EMR
 BMC                 : gbmc, local, 25.14.21.200
 BIOS                : "0.20250710.0-0"
 BMC CPLD version    : 2.0.0.0
 MB CPLD version     : 8.0.0.0
 BMC Power-Sequencer : 60 a0
 MB Power-Sequencer  : 0f 31
 HOTH                : 0.4.2023052210/agora_dauntless 
---------DONE--------

Executing blocking command: gsz-fw-ver.sh
Command timeout set to 15 seconds.
ParamikoConnection.call used without a context manager.
stdout: -------VERSION-------
 CPU                 : EMR
 BMC                 : gbmc, local, 25.14.21.200
 BIOS                : "0.20250710.0-0"
 BMC CPLD version    : 2.0.0.0
 MB CPLD version     : 8.0.0.0
 BMC Power-Sequencer : 60 a0
 MB Power-Sequencer  : 0f 31
 HOTH                : 0.4.2023052210/agora_dauntless 
---------DONE--------

Executing blocking command: hb16-cli reset --i2c-bus 68
Command timeout set to 60 seconds.
ParamikoConnection.call used without a context manager.
stdout: I2C_BUS= 68  I2C_ADDR= 32  MSG= Reset complete 

Executing blocking command: i2cget -f -y 9 0x23
Command timeout set to 10 seconds.
ParamikoConnection.call used without a context manager.
stdout: 0x5e

Executing blocking command: i2cget -f -y 9 0x23
Command timeout set to 10 seconds.
ParamikoConnection.call used without a context manager.
stdout: 0x5f

Executing blocking command: hb16-cli reset --i2c-bus 71
Command timeout set to 60 seconds.
ParamikoConnection.call used without a context manager.
stdout: I2C_BUS= 71  I2C_ADDR= 32  MSG= Reset complete 

Executing blocking command: i2cget -f -y 10 0x23
Command timeout set to 10 seconds.
ParamikoConnection.call used without a context manager.
stdout: 0x5e

Executing blocking command: i2cget -f -y 10 0x23
Command timeout set to 10 seconds.
ParamikoConnection.call used without a context manager.
stdout: 0x5f

Executing blocking command: mkdir -p /tmp/slot_02
Command timeout set to 600 seconds.
ParamikoConnection.call used without a context manager.
Performing cleanup for step "Connect to host".
---- Completed Process Step [Connect to host] Result [PASSED] Time [15.29s] ----
Elapsed Time = 15.29 total seconds.
---- Completed Process Step [Connect to host] Result [PASSED] ----
Adding new process step...
Process step name: Connect to host
Process step status: 2
Entered the process step completed event
Loop: 12
Running the ProcessStep.
Entered the process step start event.
---- Starting Process Step [Summarize Mfg Test Result] ----
---- Starting Process Step [Summarize Mfg Test Result] ----
Performing setup for step "Summarize Mfg Test Result".
report_string = { serial_number :  BBRQTW260100023 ,  result :  PASS ,  fail_item :   ,  radix_str :  hostname:BBRQTW260100023,station_name:L6-BFT,process_plan_name:Basalt BFT,process_plan_version:0.4.6 (g1f3f8ed),software_version:Software Version,firmware_version:Firmware Version, }
